smartMonitor/build/outputs/logs/manifest-merger-debug-report.txt
-- Merging decision tree log ---
manifest
ADDED from src\main\AndroidManifest.xml:2:1-106:12
	package
		ADDED from src\main\AndroidManifest.xml:4:5-39
		INJECTED from src\main\AndroidManifest.xml
		INJECTED from src\main\AndroidManifest.xml
	xmlns:tools
		ADDED from src\main\AndroidManifest.xml:3:5-51
	xmlns:android
		ADDED from src\main\AndroidManifest.xml:2:11-69
uses-sdk
ADDED from src\main\AndroidManifest.xml:6:5-8:41
MERGED from [SmartMonitor(eclipse):standOutSDK:unspecified] AndroidManifest.xml:7:5-9:41
MERGED from [com.android.support:support-v4:25.3.1] AndroidManifest.xml:21:5-23:54
MERGED from [com.android.support:support-fragment:25.3.1] AndroidManifest.xml:21:5-23:60
MERGED from [com.android.support:support-media-compat:25.3.1] AndroidManifest.xml:21:5-23:63
MERGED from [com.android.support:support-core-ui:25.3.1] AndroidManifest.xml:21:5-23:58
MERGED from [com.android.support:support-core-utils:25.3.1] AndroidManifest.xml:21:5-23:61
MERGED from [com.android.support:support-compat:25.3.1] AndroidManifest.xml:21:5-23:58
	tools:overrideLibrary
		ADDED from [com.android.support:support-v4:25.3.1] AndroidManifest.xml:23:9-51
	android:targetSdkVersion
		ADDED from src\main\AndroidManifest.xml:8:9-38
		INJECTED from src\main\AndroidManifest.xml
		INJECTED from src\main\AndroidManifest.xml
	android:minSdkVersion
		ADDED from src\main\AndroidManifest.xml:7:9-35
		INJECTED from src\main\AndroidManifest.xml
		INJECTED from src\main\AndroidManifest.xml
uses-permission#android.permission.ACCESS_WIFI_STATE
ADDED from src\main\AndroidManifest.xml:10:5-76
	android:name
		ADDED from src\main\AndroidManifest.xml:10:22-73
uses-permission#android.permission.CALL_PHONE
ADDED from src\main\AndroidManifest.xml:11:5-69
	android:name
		ADDED from src\main\AndroidManifest.xml:11:22-66
uses-permission#android.permission.CHANGE_WIFI_STATE
ADDED from src\main\AndroidManifest.xml:12:5-76
	android:name
		ADDED from src\main\AndroidManifest.xml:12:22-73
uses-permission#android.permission.PROCESS_OUTGOING_CALLS
ADDED from src\main\AndroidManifest.xml:13:5-81
	android:name
		ADDED from src\main\AndroidManifest.xml:13:22-78
uses-permission#android.permission.GET_TASKS
ADDED from src\main\AndroidManifest.xml:14:5-68
	android:name
		ADDED from src\main\AndroidManifest.xml:14:22-65
uses-permission#android.permission.RECEIVE_BOOT_COMPLETED
ADDED from src\main\AndroidManifest.xml:15:5-81
	android:name
		ADDED from src\main\AndroidManifest.xml:15:22-78
uses-permission#android.permission.READ_PHONE_STATE
ADDED from src\main\AndroidManifest.xml:16:5-75
	android:name
		ADDED from src\main\AndroidManifest.xml:16:22-72
uses-permission#android.permission.INTERNET
ADDED from src\main\AndroidManifest.xml:17:5-67
	android:name
		ADDED from src\main\AndroidManifest.xml:17:22-64
uses-permission#android.permission.READ_SMS
ADDED from src\main\AndroidManifest.xml:18:5-67
	android:name
		ADDED from src\main\AndroidManifest.xml:18:22-64
uses-permission#android.permission.READ_CONTACTS
ADDED from src\main\AndroidManifest.xml:19:5-72
	android:name
		ADDED from src\main\AndroidManifest.xml:19:22-69
uses-permission#android.permission.WRITE_CONTACTS
ADDED from src\main\AndroidManifest.xml:20:5-73
	android:name
		ADDED from src\main\AndroidManifest.xml:20:22-70
uses-permission#android.permission.WRITE_EXTERNAL_STORAGE
ADDED from src\main\AndroidManifest.xml:21:5-81
	android:name
		ADDED from src\main\AndroidManifest.xml:21:22-78
uses-permission#android.permission.CLEAR_APP_CACHE
ADDED from src\main\AndroidManifest.xml:22:5-74
	android:name
		ADDED from src\main\AndroidManifest.xml:22:22-71
uses-permission#android.permission.WAKE_LOCK
ADDED from src\main\AndroidManifest.xml:23:5-68
	android:name
		ADDED from src\main\AndroidManifest.xml:23:22-65
uses-permission#android.permission.WRITE_SETTINGS
ADDED from src\main\AndroidManifest.xml:24:5-73
	android:name
		ADDED from src\main\AndroidManifest.xml:24:22-70
uses-permission#android.permission.SYSTEM_ALERT_WINDOW
ADDED from src\main\AndroidManifest.xml:25:5-78
MERGED from [SmartMonitor(eclipse):standOutSDK:unspecified] AndroidManifest.xml:11:5-78
	android:name
		ADDED from src\main\AndroidManifest.xml:25:22-75
uses-permission#android.permission.WRITE_CALL_LOG
ADDED from src\main\AndroidManifest.xml:26:5-73
	android:name
		ADDED from src\main\AndroidManifest.xml:26:22-70
uses-permission#android.permission.READ_CALL_LOG
ADDED from src\main\AndroidManifest.xml:27:5-72
	android:name
		ADDED from src\main\AndroidManifest.xml:27:22-69
application
ADDED from src\main\AndroidManifest.xml:31:5-104:19
MERGED from [com.android.support:support-v4:25.3.1] AndroidManifest.xml:29:5-20
MERGED from [com.android.support:support-fragment:25.3.1] AndroidManifest.xml:29:5-20
MERGED from [com.android.support:support-media-compat:25.3.1] AndroidManifest.xml:29:5-20
MERGED from [com.android.support:support-core-ui:25.3.1] AndroidManifest.xml:29:5-20
MERGED from [com.android.support:support-core-utils:25.3.1] AndroidManifest.xml:29:5-20
MERGED from [com.android.support:support-compat:25.3.1] AndroidManifest.xml:29:5-20
	android:label
		ADDED from src\main\AndroidManifest.xml:36:9-41
	android:hardwareAccelerated
		ADDED from src\main\AndroidManifest.xml:34:9-43
	android:debuggable
		ADDED from src\main\AndroidManifest.xml:33:9-34
	tools:ignore
		ADDED from src\main\AndroidManifest.xml:39:9-42
	android:allowBackup
		ADDED from src\main\AndroidManifest.xml:32:9-35
	android:icon
		ADDED from src\main\AndroidManifest.xml:35:9-45
	android:largeHeap
		ADDED from src\main\AndroidManifest.xml:37:9-33
	android:theme
		ADDED from src\main\AndroidManifest.xml:38:9-40
activity#com.android.smartmonitor.MainActivity
ADDED from src\main\AndroidManifest.xml:40:9-50:20
	android:screenOrientation
		ADDED from src\main\AndroidManifest.xml:43:13-49
	android:label
		ADDED from src\main\AndroidManifest.xml:42:13-45
	android:theme
		ADDED from src\main\AndroidManifest.xml:44:13-71
	android:name
		ADDED from src\main\AndroidManifest.xml:41:13-41
intent-filter#android.intent.action.MAIN+android.intent.category.LAUNCHER
ADDED from src\main\AndroidManifest.xml:45:13-49:29
action#android.intent.action.MAIN
ADDED from src\main\AndroidManifest.xml:46:17-69
	android:name
		ADDED from src\main\AndroidManifest.xml:46:25-66
category#android.intent.category.LAUNCHER
ADDED from src\main\AndroidManifest.xml:48:17-77
	android:name
		ADDED from src\main\AndroidManifest.xml:48:27-74
service#com.android.smartmonitor.CheckLauncherService
ADDED from src\main\AndroidManifest.xml:52:9-58:19
	android:exported
		ADDED from src\main\AndroidManifest.xml:54:13-37
	android:name
		ADDED from src\main\AndroidManifest.xml:53:13-49
intent-filter#com.android.smartmonitor.app.action.SMART_LAUNCHER_SERVICE
ADDED from src\main\AndroidManifest.xml:55:13-57:29
action#com.android.smartmonitor.app.action.SMART_LAUNCHER_SERVICE
ADDED from src\main\AndroidManifest.xml:56:17-101
	android:name
		ADDED from src\main\AndroidManifest.xml:56:25-98
service#com.android.smartmonitor.control.CheckRunning
ADDED from src\main\AndroidManifest.xml:59:9-61:48
	android:exported
		ADDED from src\main\AndroidManifest.xml:61:13-37
	android:name
		ADDED from src\main\AndroidManifest.xml:60:13-49
service#com.android.smartmonitor.control.MonitorService
ADDED from src\main\AndroidManifest.xml:62:9-64:48
	android:exported
		ADDED from src\main\AndroidManifest.xml:64:13-37
	android:name
		ADDED from src\main\AndroidManifest.xml:63:13-51
receiver#com.android.smartmonitor.receiver.CheckCallReceiver
ADDED from src\main\AndroidManifest.xml:66:9-74:20
	android:name
		ADDED from src\main\AndroidManifest.xml:66:19-61
intent-filter#android.intent.action.NEW_OUTGOING_CALL+android.intent.action.PHONE_STATE
ADDED from src\main\AndroidManifest.xml:67:13-70:29
	android:priority
		ADDED from src\main\AndroidManifest.xml:67:28-57
action#android.intent.action.PHONE_STATE
ADDED from src\main\AndroidManifest.xml:68:17-76
	android:name
		ADDED from src\main\AndroidManifest.xml:68:25-73
action#android.intent.action.NEW_OUTGOING_CALL
ADDED from src\main\AndroidManifest.xml:69:17-82
	android:name
		ADDED from src\main\AndroidManifest.xml:69:25-79
intent-filter#android.intent.action.USER_PRESENT
ADDED from src\main\AndroidManifest.xml:71:13-73:29
action#android.intent.action.USER_PRESENT
ADDED from src\main\AndroidManifest.xml:72:17-77
	android:name
		ADDED from src\main\AndroidManifest.xml:72:25-74
receiver#com.android.smartmonitor.receiver.CheckBootingReceiver
ADDED from src\main\AndroidManifest.xml:75:9-82:20
	android:enabled
		ADDED from src\main\AndroidManifest.xml:77:13-35
	android:exported
		ADDED from src\main\AndroidManifest.xml:78:13-37
	android:name
		ADDED from src\main\AndroidManifest.xml:76:13-58
intent-filter#android.intent.action.BOOT_COMPLETED
ADDED from src\main\AndroidManifest.xml:79:13-81:29
action#android.intent.action.BOOT_COMPLETED
ADDED from src\main\AndroidManifest.xml:80:17-79
	android:name
		ADDED from src\main\AndroidManifest.xml:80:25-76
receiver#com.android.smartmonitor.receiver.CheckDeviceAdminReceiver
ADDED from src\main\AndroidManifest.xml:83:9-95:20
	android:label
		ADDED from src\main\AndroidManifest.xml:86:13-45
	android:permission
		ADDED from src\main\AndroidManifest.xml:87:13-70
	android:description
		ADDED from src\main\AndroidManifest.xml:85:13-51
	android:name
		ADDED from src\main\AndroidManifest.xml:84:13-62
meta-data#android.app.device_admin
ADDED from src\main\AndroidManifest.xml:88:13-90:60
	android:resource
		ADDED from src\main\AndroidManifest.xml:90:17-57
	android:name
		ADDED from src\main\AndroidManifest.xml:89:17-56
intent-filter#android.app.action.DEVICE_ADMIN_ENABLED
ADDED from src\main\AndroidManifest.xml:92:13-94:29
action#android.app.action.DEVICE_ADMIN_ENABLED
ADDED from src\main\AndroidManifest.xml:93:17-82
	android:name
		ADDED from src\main\AndroidManifest.xml:93:25-79
service#com.android.smartmonitor.PhoneWindow
ADDED from src\main\AndroidManifest.xml:97:9-48
	android:name
		ADDED from src\main\AndroidManifest.xml:97:18-45
activity#com.android.smartmonitor.Page1Activity
ADDED from src\main\AndroidManifest.xml:99:9-51
	android:name
		ADDED from src\main\AndroidManifest.xml:99:19-48
activity#com.android.smartmonitor.Page2Activity
ADDED from src\main\AndroidManifest.xml:100:9-51
	android:name
		ADDED from src\main\AndroidManifest.xml:100:19-48
activity#com.android.smartmonitor.Page3Activity
ADDED from src\main\AndroidManifest.xml:101:9-51
	android:name
		ADDED from src\main\AndroidManifest.xml:101:19-48
activity#com.android.smartmonitor.Page4Activity
ADDED from src\main\AndroidManifest.xml:102:9-51
	android:name
		ADDED from src\main\AndroidManifest.xml:102:19-48
activity#com.android.smartmonitor.Page5Activity
ADDED from src\main\AndroidManifest.xml:103:9-60
	android:name
		ADDED from src\main\AndroidManifest.xml:103:19-48
meta-data#android.support.VERSION
ADDED from [com.android.support:support-v4:25.3.1] AndroidManifest.xml:25:5-27:34
MERGED from [com.android.support:support-fragment:25.3.1] AndroidManifest.xml:25:5-27:34
MERGED from [com.android.support:support-media-compat:25.3.1] AndroidManifest.xml:25:5-27:34
MERGED from [com.android.support:support-core-ui:25.3.1] AndroidManifest.xml:25:5-27:34
MERGED from [com.android.support:support-core-utils:25.3.1] AndroidManifest.xml:25:5-27:34
MERGED from [com.android.support:support-compat:25.3.1] AndroidManifest.xml:25:5-27:34
	android:value
		ADDED from [com.android.support:support-v4:25.3.1] AndroidManifest.xml:27:9-31
	android:name
		ADDED from [com.android.support:support-v4:25.3.1] AndroidManifest.xml:26:9-47